MPASM 5.77                    PROYECTO_3.ASM   11-23-2020  15:01:04         PAGE  1


LOC  OBJECT CODE     LINE SOURCE TEXT
  VALUE

                      00001 ; PIC16F887 Configuration Bit Settings
                      00002 
                      00003 #include "p16f887.inc"
                      00001         LIST
                      00002 
                      00003 ;==========================================================================
                      00004 ; Build date : Nov 22 2017
                      00005 ;  MPASM PIC16F887 processor include
                      00006 ; 
                      00007 ;  (c) Copyright 1999-2017 Microchip Technology, All rights reserved
                      00008 ;==========================================================================
                      00009 
                      00810         LIST
                      00004 
                      00005 ; CONFIG1
                      00006 ; __config 0xE0D4
2007   20D4           00007  __CONFIG _CONFIG1, _FOSC_INTRC_NOCLKOUT & _WDTE_OFF & _PWRTE_OFF & _MCLRE_OFF & _CP_OFF & _CPD_OFF & _B
                            OREN_OFF & _IESO_OFF & _FCMEN_OFF & _LVP_OFF
                      00008 ; CONFIG2
                      00009 ; __config 0xFFFF
2008   3FFF           00010  __CONFIG _CONFIG2, _BOR4V_BOR40V & _WRT_OFF
                      00011  
                      00012 
                      00013 ;                               VARIABLES
                      00014 ;*******************************************************************************
                      00015 GPR_VAR     UDATA
0000                  00016 TIEMPO_1    RES 1
0001                  00017 TIEMPO_2    RES 1
0002                  00018 W_TEMP      RES 1
0003                  00019 VAR_STATUS  RES 1
0004                  00020 BANDERA     RES 1
0005                  00021 SERVO1      RES 1
0006                  00022 SERVO2      RES 1
0007                  00023 MODO        RES 1
0008                  00024 TIEMPOO     RES 1
0009                  00025 SERVO2_EEPROM   RES 1
Warning[207]: Found label after column 1. (NADA)
000A                  00026         NADA    RES 1
Warning[207]: Found label after column 1. (COSO)
000B                  00027         COSO    RES 1
                      00028            
                      00029    
                      00030    
                      00031             
                      00032 ;                               INTERRUPCIONES
                      00033 ;*******************************************************************************
                      00034  
                      00035 RES_VECT  CODE    0x0000            ; processor reset vector
0000   2???           00036     GOTO    START                   ; go to beginning of program
                      00037 
                      00038 ISR_VECT    CODE    0x0004
                      00039 
0004                  00040 PUSH:
MPASM 5.77                    PROYECTO_3.ASM   11-23-2020  15:01:04         PAGE  2


LOC  OBJECT CODE     LINE SOURCE TEXT
  VALUE

0004   138B           00041     BCF     INTCON, GIE
0005   00??           00042     MOVWF   W_TEMP
0006   0E03           00043     SWAPF   STATUS, W
0007   00??           00044     MOVWF   VAR_STATUS
                      00045 
0008                  00046 ISR:
0008   1B0C           00047     BTFSC   PIR1, ADIF
0009   2???           00048     CALL    COSO_ADC        ; CONVERSION
                      00049     
000A                  00050 POP:
000A   0E??           00051     SWAPF   VAR_STATUS, W
000B   0083           00052     MOVWF   STATUS
000C   0E??           00053     SWAPF   W_TEMP, F
000D   0E??           00054     SWAPF   W_TEMP, W
000E   0009           00055     RETFIE
                      00056 
                      00057 ;                   SUB-RUTINAS DE LA INTERRUPCION 
                      00058 ;*******************************************************************************
                      00059 
                      00060 
000F                  00061 COSO_ADC:
000F   1800           00062    BTFSC    BANDERA, 0
0010   2???           00063    GOTO     COSO2
Warning[207]: Found label after column 1. (COSO1)
0011                  00064    COSO1             ; VARIAR EN QUE VARIABLE SE GUARDA EL VALOR Y EL CANAL         
0011   081E           00065    MOVFW    ADRESH         
0012   00??           00066    MOVWF    SERVO2          ;VALOR DE ADRESH A VARIABLE ENVIAR
0013   1400           00067    BSF      BANDERA, 0
0014   151F           00068    BSF      ADCON0, 2
0015   2???           00069    CALL     DELAY_2     ; DARLE TIEMPO ANTES DE LA SIGUIENTE CONVERSION
0016   2???           00070    GOTO     TERMINAR
                      00071    
Warning[207]: Found label after column 1. (COSO2)
0017                  00072    COSO2            ; CONVERSION EN EL CANAL AN1
0017   081E           00073    MOVFW    ADRESH  ; GUARDAR VALOR EN LA VARIABLE PARA EL EJE Y
0018   00??           00074    MOVWF    SERVO1        
0019   1000           00075    BCF      BANDERA, 0
001A   111F           00076    BCF      ADCON0, 2
001B   2???           00077    CALL     DELAY_2
                      00078    
Warning[207]: Found label after column 1. (TERMINAR)
001C                  00079    TERMINAR
001C   149F           00080    BSF      ADCON0, 1
001D   130C           00081    BCF      PIR1, ADIF      ;BANDERA TERMINAR CONVERSION
001E   0008           00082    RETURN
                      00083 ;                           PRINCIPAL 
                      00084 ;****************************************************************************
                      00085 MAIN_PROG   CODE
                      00086 
0000                  00087 START                       ; CONFIGURACIONES
0000   2???           00088    CALL     CONFIG_IO
0001   2???           00089    CALL     UGHHHHHH
0002   2???           00090    CALL     CONFIG_ADC
MPASM 5.77                    PROYECTO_3.ASM   11-23-2020  15:01:04         PAGE  3


LOC  OBJECT CODE     LINE SOURCE TEXT
  VALUE

0003   2???           00091    CALL     CONFIG_INTERRUPT
0004   2???           00092    GOTO     LOOP
                      00093    
0005                  00094 LOOP:
                      00095     ;CALL    ESCRITURA
0005   1908           00096     BTFSC   PORTD, RD2
0006   2???           00097     CALL    INC_MODO
                      00098     
0007   08??           00099     MOVFW   MODO
0008   3C00           00100     SUBLW   .0
0009   1903           00101     BTFSC   STATUS, Z
000A   2???           00102     GOTO    MODO1
                      00103     
000B   08??           00104     MOVFW   MODO
000C   3C01           00105     SUBLW   .1
000D   1903           00106     BTFSC   STATUS, Z
000E   2???           00107     GOTO    MODO2
                      00108     
000F   08??           00109     MOVFW   MODO
0010   3C02           00110     SUBLW   .2
0011   1903           00111     BTFSC   STATUS, Z
0012   2???           00112     GOTO    MODO3
                      00113     
0013   2???           00114     GOTO    LOOP
                      00115     
0014                  00116 MODO3
0014   2???           00117     GOTO    LOOP
                      00118 
0015                  00119 MODO2
                      00120     ;CALL    LEER
                      00121    ; RRF            SERVO1_EEPROM, 0
                      00122    ; ANDLW   b'01111111'
                      00123     ;ADDLW   .32
0015   08??           00124     MOVFW   SERVO2_EEPROM
0016   009B           00125     MOVWF   CCPR2L
0017   2???           00126     GOTO    LOOP
                      00127     
0018                  00128 MODO1
0018   1D88           00129     BTFSS   PORTD, RD3
0019   2???           00130     GOTO    SERVOS
Warning[207]: Found label after column 1. (PRUEBA)
001A                  00131     PRUEBA
001A   1506           00132     BSF     PORTB, RB2
001B   081B           00133     MOVFW   CCPR2L
001C   00??           00134     MOVWF   SERVO2_EEPROM
                      00135     
Warning[207]: Found label after column 1. (SERVOS)
001D                  00136  SERVOS
001D   0C??           00137     RRF     SERVO1, 0
001E   397F           00138     ANDLW   b'01111111'
001F   3E20           00139     ADDLW   .32
0020   0095           00140     MOVWF   CCPR1L
                      00141     
MPASM 5.77                    PROYECTO_3.ASM   11-23-2020  15:01:04         PAGE  4


LOC  OBJECT CODE     LINE SOURCE TEXT
  VALUE

0021   0C??           00142     RRF     SERVO2, 0
0022   397F           00143     ANDLW   b'01111111'
0023   3E20           00144     ADDLW   .32
0024   009B           00145     MOVWF   CCPR2L
                      00146     
0025   149F           00147     BSF     ADCON0, GO
0026   2???           00148     GOTO    LOOP
                      00149     
                      00150     
                      00151 ;**************************** SUBRUTINAS ***************************************
                      00152     
0027                  00153 LEER:
0027   138B           00154     BCF     INTCON, GIE
0028   3000           00155     MOVLW   .0
0029   1283 1703      00156     BANKSEL EEADR
Message[302]: Register in operand not in bank 0.  Ensure that bank bits are correct.
002B   008D           00157     MOVWF   EEADR
                      00158     
002C   1683 1703      00159     BANKSEL EECON1
Message[302]: Register in operand not in bank 0.  Ensure that bank bits are correct.
002E   138C           00160     BCF     EECON1, EEPGD
Message[302]: Register in operand not in bank 0.  Ensure that bank bits are correct.
002F   140C           00161     BSF     EECON1, RD
                      00162     
0030   1283 1703      00163     BANKSEL EEDATA
Message[302]: Register in operand not in bank 0.  Ensure that bank bits are correct.
0032   080C           00164     MOVFW   EEDATA
0033   1283 1303      00165     BANKSEL PORTA
0035   00??           00166     MOVWF   SERVO2_EEPROM
0036   178B           00167     BSF     INTCON, GIE
                      00168     ;CALL    DELAY_1
0037   149F           00169     BSF     ADCON0, GO
0038   0008           00170     RETURN
                      00171        
                      00172     
0039                  00173 ESCRITURA:
                      00174     
0039   1283 1703      00175     BANKSEL EEADR
003B   3000           00176     MOVLW   .0
Message[302]: Register in operand not in bank 0.  Ensure that bank bits are correct.
003C   008D           00177     MOVWF   EEADR
003D   08??           00178     MOVFW   SERVO2
003E   1283 1703      00179     BANKSEL EEDATA
Message[302]: Register in operand not in bank 0.  Ensure that bank bits are correct.
0040   008C           00180     MOVWF   EEDATA
                      00181     
                      00182     
0041   1683 1703      00183     BANKSEL EECON1
Message[302]: Register in operand not in bank 0.  Ensure that bank bits are correct.
0043   138C           00184     BCF     EECON1, EEPGD
Message[302]: Register in operand not in bank 0.  Ensure that bank bits are correct.
0044   150C           00185     BSF     EECON1, WREN
0045   138B           00186     BCF     INTCON, GIE
MPASM 5.77                    PROYECTO_3.ASM   11-23-2020  15:01:04         PAGE  5


LOC  OBJECT CODE     LINE SOURCE TEXT
  VALUE

0046   1B8B           00187     BTFSC   INTCON, GIE
0047   2???           00188     GOTO    $-2
                      00189     
0048   3055           00190     MOVLW   0x55
Message[302]: Register in operand not in bank 0.  Ensure that bank bits are correct.
0049   008D           00191     MOVWF   EECON2
004A   30AA           00192     MOVLW   0xAA
Message[302]: Register in operand not in bank 0.  Ensure that bank bits are correct.
004B   008D           00193     MOVWF   EECON2
Message[302]: Register in operand not in bank 0.  Ensure that bank bits are correct.
004C   148C           00194     BSF     EECON1, WR
004D   178B           00195     BSF     INTCON, GIE
Message[302]: Register in operand not in bank 0.  Ensure that bank bits are correct.
004E   110C           00196     BCF     EECON1, WREN
                      00197     
004F   2???           00198     GOTO    LOOP
                      00199     
0050                  00200 INC_MODO
0050   1908           00201     BTFSC   PORTD, RD2
0051   2???           00202     GOTO    INC_MODO
Message[305]: Using default destination of 1 (file).
0052   0A??           00203     INCF    MODO
Message[305]: Using default destination of 1 (file).
0053   0A86           00204     INCF    PORTB
                      00205     
0054   30FA           00206     MOVLW   .250
0055   00??           00207     MOVWF   TIEMPOO
Warning[207]: Found label after column 1. (AA)
0056                  00208     AA
0056   0B??           00209     DECFSZ  TIEMPOO, F
0057   2???           00210     GOTO    AA
                      00211     
0058   30FA           00212     MOVLW   .250
0059   00??           00213     MOVWF   TIEMPOO
Warning[207]: Found label after column 1. (AA2)
005A                  00214     AA2
005A   0B??           00215     DECFSZ  TIEMPOO, F
005B   2???           00216     GOTO    AA2
                      00217     
005C   08??           00218     MOVFW   MODO
005D   3C03           00219     SUBLW   .3
005E   1D03           00220     BTFSS   STATUS, Z
005F   0008           00221     RETURN
0060   01??           00222     CLRF    MODO
0061   0186           00223     CLRF    PORTB
0062   0008           00224     RETURN
                      00225 ;                               CONFIGURACIONES
                      00226 ;*******************************************************************************
0063                  00227 UGHHHHHH:
0063   1683           00228     BSF STATUS,RP0
0064   30BB           00229     MOVLW   .187
Message[302]: Register in operand not in bank 0.  Ensure that bank bits are correct.
0065   0092           00230     MOVWF   PR2
MPASM 5.77                    PROYECTO_3.ASM   11-23-2020  15:01:04         PAGE  6


LOC  OBJECT CODE     LINE SOURCE TEXT
  VALUE

0066   1283           00231     BCF     STATUS,RP0
0067   309D           00232     MOVLW   0x9d
0068   0095           00233     MOVWF   CCPR1L
0069   1397           00234     BCF     CCP1CON,7
006A   1317           00235     BCF     CCP1CON,6
006B   1297           00236     BCF     CCP1CON,5 
006C   1217           00237     BCF     CCP1CON,4
006D   1597           00238     BSF     CCP1CON,3
006E   1517           00239     BSF     CCP1CON,2
006F   1097           00240     BCF     CCP1CON,1
0070   1017           00241     BCF     CCP1CON,0
                      00242 
0071   3020           00243     MOVLW   0x20
0072   009B           00244     MOVWF   CCPR2L
0073   169D           00245     BSF     CCP2CON,5
0074   121D           00246     BCF     CCP2CON,4
0075   159D           00247     BSF     CCP2CON,3   
0076   151D           00248     BSF     CCP2CON,2
0077   149D           00249     BSF     CCP2CON,1
0078   141D           00250     BSF     CCP2CON,0
                      00251         
0079   1683 1303      00252     BANKSEL OPTION_REG
007B   0064           00253     CLRWDT
007C   3057           00254     MOVLW   b'01010111'
Message[302]: Register in operand not in bank 0.  Ensure that bank bits are correct.
007D   0081           00255     MOVWF   OPTION_REG  
007E   1283 1303      00256     BANKSEL PORTA
0080   30FF           00257     MOVLW   .255
0081   0092           00258     MOVWF   T2CON
0082   0008           00259     RETURN
                      00260     
0083                  00261 CONFIG_IO
0083   1683 1703      00262    BANKSEL  ANSEL
Message[302]: Register in operand not in bank 0.  Ensure that bank bits are correct.
0085   0188           00263    CLRF     ANSEL
Message[302]: Register in operand not in bank 0.  Ensure that bank bits are correct.
0086   1408           00264    BSF      ANSEL, 0    ; CONFIGURAR ANSEL PARA EL CANAL AN0 Y AN1
Message[302]: Register in operand not in bank 0.  Ensure that bank bits are correct.
0087   1488           00265    BSF      ANSEL, 1
Message[302]: Register in operand not in bank 0.  Ensure that bank bits are correct.
0088   0189           00266    CLRF     ANSELH
0089   1683 1303      00267    BANKSEL  TRISA
Message[302]: Register in operand not in bank 0.  Ensure that bank bits are correct.
008B   0185           00268    CLRF     TRISA
Message[305]: Using default destination of 1 (file).
Message[302]: Register in operand not in bank 0.  Ensure that bank bits are correct.
008C   0985           00269    COMF     TRISA       ; PONER COMO INPUT EL PUERTO A
Message[302]: Register in operand not in bank 0.  Ensure that bank bits are correct.
008D   0187           00270    CLRF     TRISC       ; COLOCAR PUERTOS COMO SALIDAS
Message[302]: Register in operand not in bank 0.  Ensure that bank bits are correct.
008E   0188           00271    CLRF     TRISD
Message[302]: Register in operand not in bank 0.  Ensure that bank bits are correct.
008F   1508           00272    BSF      TRISD, RD2
MPASM 5.77                    PROYECTO_3.ASM   11-23-2020  15:01:04         PAGE  7


LOC  OBJECT CODE     LINE SOURCE TEXT
  VALUE

Message[302]: Register in operand not in bank 0.  Ensure that bank bits are correct.
0090   1588           00273    BSF      TRISD, RD3
Message[302]: Register in operand not in bank 0.  Ensure that bank bits are correct.
0091   0186           00274    CLRF     TRISB
0092   1283 1303      00275    BANKSEL  PORTD
0094   0186           00276    CLRF     PORTB
0095   0185           00277    CLRF     PORTA
0096   0187           00278    CLRF     PORTC
0097   0188           00279    CLRF     PORTD
0098   01??           00280    CLRF     MODO
0099   0008           00281    RETURN
                      00282 
Warning[207]: Found label after column 1. (CONFIG_TMR0)
009A                  00283    CONFIG_TMR0                      ; 2 mS PARA DISPLAYS
009A   1683 1303      00284     BANKSEL OPTION_REG
009C   0064           00285     CLRWDT
009D   3057           00286     MOVLW   b'01010111'
Message[302]: Register in operand not in bank 0.  Ensure that bank bits are correct.
009E   0081           00287     MOVWF   OPTION_REG
009F   0008           00288     RETURN
                      00289    
00A0                  00290 CONFIG_ADC:                 ; CONFIGURACION ADC
00A0   1683 1303      00291    BANKSEL  ADCON1
Message[302]: Register in operand not in bank 0.  Ensure that bank bits are correct.
00A2   019F           00292    CLRF     ADCON1
00A3   1283 1303      00293    BANKSEL  ADCON0
00A5   3087           00294    MOVLW    B'10000111'     ; CANAL INICIAL AN1
00A6   009F           00295    MOVWF    ADCON0
00A7   0008           00296    RETURN
                      00297     
00A8                  00298 CONFIG_INTERRUPT:
00A8   1683 1303      00299     BANKSEL TRISA
Message[302]: Register in operand not in bank 0.  Ensure that bank bits are correct.
00AA   170C           00300     BSF     PIE1, ADIE
00AB   170B           00301     BSF     INTCON, PEIE
                      00302     
00AC   1283 1303      00303     BANKSEL PORTA
00AE   178B           00304     BSF     INTCON, GIE
00AF   0008           00305     RETURN
                      00306     
Warning[207]: Found label after column 1. (DELAY_1)
00B0                  00307     DELAY_1                 ; DELAYS
00B0   30FA           00308     MOVLW   .250
00B1   00??           00309     MOVWF   TIEMPO_1
Warning[207]: Found label after column 1. (CONFIG1)
00B2                  00310     CONFIG1
00B2   2???           00311     CALL    DELAY_2
00B3   0B??           00312     DECFSZ  TIEMPO_1, F
00B4   2???           00313     GOTO    CONFIG1
00B5   0008           00314     RETURN
                      00315 
Warning[207]: Found label after column 1. (DELAY_2)
00B6                  00316     DELAY_2
MPASM 5.77                    PROYECTO_3.ASM   11-23-2020  15:01:04         PAGE  8


LOC  OBJECT CODE     LINE SOURCE TEXT
  VALUE

00B6   30FA           00317     MOVLW   .250
00B7   00??           00318     MOVWF    TIEMPO_2
Warning[207]: Found label after column 1. (CONFIG2)
00B8                  00319     CONFIG2
00B8   0B??           00320     DECFSZ  TIEMPO_2, F
00B9   2???           00321     GOTO    CONFIG2
00BA   0008           00322     RETURN
                      00323 
Warning[205]: Found directive in column 1. (END)
20D4 3FFF             00324 END
MPASM 5.77                    PROYECTO_3.ASM   11-23-2020  15:01:04         PAGE  9


SYMBOL TABLE
  LABEL                             VALUE 

AA                                00000056
AA2                               0000005A
ABDEN                             00000000
ABDOVF                            00000007
ACKDT                             00000005
ACKEN                             00000004
ACKSTAT                           00000006
ADCON0                            0000001F
ADCON1                            0000009F
ADCS0                             00000006
ADCS1                             00000007
ADDEN                             00000003
ADFM                              00000007
ADIE                              00000006
ADIF                              00000006
ADON                              00000000
ADRESH                            0000001E
ADRESL                            0000009E
ANS0                              00000000
ANS1                              00000001
ANS10                             00000002
ANS11                             00000003
ANS12                             00000004
ANS13                             00000005
ANS2                              00000002
ANS3                              00000003
ANS4                              00000004
ANS5                              00000005
ANS6                              00000006
ANS7                              00000007
ANS8                              00000000
ANS9                              00000001
ANSEL                             00000188
ANSELH                            00000189
BANDERA                           00000004
BAUDCTL                           00000187
BCLIE                             00000003
BCLIF                             00000003
BF                                00000000
BRG0                              00000000
BRG1                              00000001
BRG10                             00000002
BRG11                             00000003
BRG12                             00000004
BRG13                             00000005
BRG14                             00000006
BRG15                             00000007
BRG16                             00000003
BRG2                              00000002
BRG3                              00000003
BRG4                              00000004
BRG5                              00000005
BRG6                              00000006
MPASM 5.77                    PROYECTO_3.ASM   11-23-2020  15:01:04         PAGE 10


SYMBOL TABLE
  LABEL                             VALUE 

BRG7                              00000007
BRG8                              00000000
BRG9                              00000001
BRGH                              00000002
C                                 00000000
C1CH0                             00000000
C1CH1                             00000001
C1IE                              00000005
C1IF                              00000005
C1OE                              00000005
C1ON                              00000007
C1OUT                             00000006
C1POL                             00000004
C1R                               00000002
C1RSEL                            00000005
C1SEN                             00000005
C2CH0                             00000000
C2CH1                             00000001
C2IE                              00000006
C2IF                              00000006
C2OE                              00000005
C2ON                              00000007
C2OUT                             00000006
C2POL                             00000004
C2R                               00000002
C2REN                             00000004
C2RSEL                            00000004
C2SYNC                            00000000
CCP1CON                           00000017
CCP1IE                            00000002
CCP1IF                            00000002
CCP1M0                            00000000
CCP1M1                            00000001
CCP1M2                            00000002
CCP1M3                            00000003
CCP1X                             00000005
CCP1Y                             00000004
CCP2CON                           0000001D
CCP2IE                            00000000
CCP2IF                            00000000
CCP2M0                            00000000
CCP2M1                            00000001
CCP2M2                            00000002
CCP2M3                            00000003
CCP2X                             00000005
CCP2Y                             00000004
CCPR1                             00000015
CCPR1H                            00000016
CCPR1L                            00000015
CCPR2                             0000001B
CCPR2H                            0000001C
CCPR2L                            0000001B
CHS0                              00000002
MPASM 5.77                    PROYECTO_3.ASM   11-23-2020  15:01:04         PAGE 11


SYMBOL TABLE
  LABEL                             VALUE 

CHS1                              00000003
CHS2                              00000004
CHS3                              00000005
CKE                               00000006
CKP                               00000004
CM1CON0                           00000107
CM2CON0                           00000108
CM2CON1                           00000109
CONFIG1                           000000B2
CONFIG2                           000000B8
CONFIG_ADC                        000000A0
CONFIG_INTERRUPT                  000000A8
CONFIG_IO                         00000083
CONFIG_TMR0                       0000009A
COSO                              0000000B
COSO1                             00000011
COSO2                             00000017
COSO_ADC                          0000000F
CREN                              00000004
CSRC                              00000007
D                                 00000005
DATA_ADDRESS                      00000005
DC                                00000001
DC1B0                             00000004
DC1B1                             00000005
DC2B0                             00000004
DC2B1                             00000005
DELAY_1                           000000B0
DELAY_2                           000000B6
D_A                               00000005
D_NOT_A                           00000005
ECCPAS                            0000009C
ECCPAS0                           00000004
ECCPAS1                           00000005
ECCPAS2                           00000006
ECCPASE                           00000007
EEADR                             0000010D
EEADRH                            0000010F
EECON1                            0000018C
EECON2                            0000018D
EEDAT                             0000010C
EEDATA                            0000010C
EEDATH                            0000010E
EEIE                              00000004
EEIF                              00000004
EEPGD                             00000007
ESCRITURA                         00000039
F                                 00000001
FERR                              00000002
FSR                               00000004
FVREN                             00000000
GCEN                              00000007
GIE                               00000007
MPASM 5.77                    PROYECTO_3.ASM   11-23-2020  15:01:04         PAGE 12


SYMBOL TABLE
  LABEL                             VALUE 

GO                                00000001
GO_DONE                           00000001
GO_NOT_DONE                       00000001
HTS                               00000002
I2C_DATA                          00000005
I2C_READ                          00000002
I2C_START                         00000003
I2C_STOP                          00000004
INC_MODO                          00000050
INDF                              00000000
INTCON                            0000000B
INTE                              00000004
INTEDG                            00000006
INTF                              00000001
IOCB                              00000096
IOCB0                             00000000
IOCB1                             00000001
IOCB2                             00000002
IOCB3                             00000003
IOCB4                             00000004
IOCB5                             00000005
IOCB6                             00000006
IOCB7                             00000007
IRCF0                             00000004
IRCF1                             00000005
IRCF2                             00000006
IRP                               00000007
ISR                               00000008
LEER                              00000027
LOOP                              00000005
LTS                               00000001
MC1OUT                            00000007
MC2OUT                            00000006
MODO                              00000007
MODO1                             00000018
MODO2                             00000015
MODO3                             00000014
MSK                               00000093
MSK0                              00000000
MSK1                              00000001
MSK2                              00000002
MSK3                              00000003
MSK4                              00000004
MSK5                              00000005
MSK6                              00000006
MSK7                              00000007
NADA                              0000000A
NOT_A                             00000005
NOT_ADDRESS                       00000005
NOT_BO                            00000000
NOT_BOR                           00000000
NOT_DONE                          00000001
NOT_PD                            00000003
MPASM 5.77                    PROYECTO_3.ASM   11-23-2020  15:01:04         PAGE 13


SYMBOL TABLE
  LABEL                             VALUE 

NOT_POR                           00000001
NOT_RBPU                          00000007
NOT_RC8                           00000006
NOT_T1SYNC                        00000002
NOT_TO                            00000004
NOT_TX8                           00000006
NOT_W                             00000002
NOT_WRITE                         00000002
OERR                              00000001
OPTION_REG                        00000081
OSCCON                            0000008F
OSCTUNE                           00000090
OSFIE                             00000007
OSFIF                             00000007
OSTS                              00000003
P                                 00000004
P1M0                              00000006
P1M1                              00000007
PCL                               00000002
PCLATH                            0000000A
PCON                              0000008E
PDC0                              00000000
PDC1                              00000001
PDC2                              00000002
PDC3                              00000003
PDC4                              00000004
PDC5                              00000005
PDC6                              00000006
PEIE                              00000006
PEN                               00000002
PIE1                              0000008C
PIE2                              0000008D
PIR1                              0000000C
PIR2                              0000000D
POP                               0000000A
PORTA                             00000005
PORTB                             00000006
PORTC                             00000007
PORTD                             00000008
PORTE                             00000009
PR2                               00000092
PRSEN                             00000007
PRUEBA                            0000001A
PS0                               00000000
PS1                               00000001
PS2                               00000002
PSA                               00000003
PSSAC0                            00000002
PSSAC1                            00000003
PSSBD0                            00000000
PSSBD1                            00000001
PSTRCON                           0000009D
PULSR                             00000002
MPASM 5.77                    PROYECTO_3.ASM   11-23-2020  15:01:04         PAGE 14


SYMBOL TABLE
  LABEL                             VALUE 

PULSS                             00000003
PUSH                              00000004
PWM1CON                           0000009B
R                                 00000002
RA0                               00000000
RA1                               00000001
RA2                               00000002
RA3                               00000003
RA4                               00000004
RA5                               00000005
RA6                               00000006
RA7                               00000007
RB0                               00000000
RB1                               00000001
RB2                               00000002
RB3                               00000003
RB4                               00000004
RB5                               00000005
RB6                               00000006
RB7                               00000007
RBIE                              00000003
RBIF                              00000000
RC0                               00000000
RC1                               00000001
RC2                               00000002
RC3                               00000003
RC4                               00000004
RC5                               00000005
RC6                               00000006
RC7                               00000007
RC8_9                             00000006
RC9                               00000006
RCD8                              00000000
RCEN                              00000003
RCIDL                             00000006
RCIE                              00000005
RCIF                              00000005
RCREG                             0000001A
RCSTA                             00000018
RD                                00000000
RD0                               00000000
RD1                               00000001
RD2                               00000002
RD3                               00000003
RD4                               00000004
RD5                               00000005
RD6                               00000006
RD7                               00000007
RE0                               00000000
RE1                               00000001
RE2                               00000002
RE3                               00000003
READ_WRITE                        00000002
MPASM 5.77                    PROYECTO_3.ASM   11-23-2020  15:01:04         PAGE 15


SYMBOL TABLE
  LABEL                             VALUE 

RP0                               00000005
RP1                               00000006
RSEN                              00000001
RX9                               00000006
RX9D                              00000000
R_NOT_W                           00000002
R_W                               00000002
S                                 00000003
SBOREN                            00000004
SCKP                              00000004
SCS                               00000000
SEN                               00000000
SENDB                             00000003
SERVO1                            00000005
SERVO2                            00000006
SERVO2_EEPROM                     00000009
SERVOS                            0000001D
SMP                               00000007
SPBRG                             00000099
SPBRGH                            0000009A
SPEN                              00000007
SR0                               00000006
SR1                               00000007
SRCON                             00000185
SREN                              00000005
SSPADD                            00000093
SSPBUF                            00000013
SSPCON                            00000014
SSPCON2                           00000091
SSPEN                             00000005
SSPIE                             00000003
SSPIF                             00000003
SSPM0                             00000000
SSPM1                             00000001
SSPM2                             00000002
SSPM3                             00000003
SSPMSK                            00000093
SSPOV                             00000006
SSPSTAT                           00000094
START                             00000000
STATUS                            00000003
STRA                              00000000
STRB                              00000001
STRC                              00000002
STRD                              00000003
STRSYNC                           00000004
SWDTEN                            00000000
SYNC                              00000004
T0CS                              00000005
T0IE                              00000005
T0IF                              00000002
T0SE                              00000004
T1CKPS0                           00000004
MPASM 5.77                    PROYECTO_3.ASM   11-23-2020  15:01:04         PAGE 16


SYMBOL TABLE
  LABEL                             VALUE 

T1CKPS1                           00000005
T1CON                             00000010
T1GINV                            00000007
T1GIV                             00000007
T1GSS                             00000001
T1INSYNC                          00000002
T1OSCEN                           00000003
T1SYNC                            00000002
T2CKPS0                           00000000
T2CKPS1                           00000001
T2CON                             00000012
TERMINAR                          0000001C
TIEMPOO                           00000008
TIEMPO_1                          00000000
TIEMPO_2                          00000001
TMR0                              00000001
TMR0IE                            00000005
TMR0IF                            00000002
TMR1                              0000000E
TMR1CS                            00000001
TMR1GE                            00000006
TMR1H                             0000000F
TMR1IE                            00000000
TMR1IF                            00000000
TMR1L                             0000000E
TMR1ON                            00000000
TMR2                              00000011
TMR2IE                            00000001
TMR2IF                            00000001
TMR2ON                            00000002
TOUTPS0                           00000003
TOUTPS1                           00000004
TOUTPS2                           00000005
TOUTPS3                           00000006
TRISA                             00000085
TRISA0                            00000000
TRISA1                            00000001
TRISA2                            00000002
TRISA3                            00000003
TRISA4                            00000004
TRISA5                            00000005
TRISA6                            00000006
TRISA7                            00000007
TRISB                             00000086
TRISB0                            00000000
TRISB1                            00000001
TRISB2                            00000002
TRISB3                            00000003
TRISB4                            00000004
TRISB5                            00000005
TRISB6                            00000006
TRISB7                            00000007
TRISC                             00000087
MPASM 5.77                    PROYECTO_3.ASM   11-23-2020  15:01:04         PAGE 17


SYMBOL TABLE
  LABEL                             VALUE 

TRISC0                            00000000
TRISC1                            00000001
TRISC2                            00000002
TRISC3                            00000003
TRISC4                            00000004
TRISC5                            00000005
TRISC6                            00000006
TRISC7                            00000007
TRISD                             00000088
TRISD0                            00000000
TRISD1                            00000001
TRISD2                            00000002
TRISD3                            00000003
TRISD4                            00000004
TRISD5                            00000005
TRISD6                            00000006
TRISD7                            00000007
TRISE                             00000089
TRISE0                            00000000
TRISE1                            00000001
TRISE2                            00000002
TRISE3                            00000003
TRMT                              00000001
TUN0                              00000000
TUN1                              00000001
TUN2                              00000002
TUN3                              00000003
TUN4                              00000004
TX8_9                             00000006
TX9                               00000006
TX9D                              00000000
TXD8                              00000000
TXEN                              00000005
TXIE                              00000004
TXIF                              00000004
TXREG                             00000019
TXSTA                             00000098
UA                                00000001
UGHHHHHH                          00000063
ULPWUE                            00000005
ULPWUIE                           00000002
ULPWUIF                           00000002
VAR_STATUS                        00000003
VCFG0                             00000004
VCFG1                             00000005
VR0                               00000000
VR1                               00000001
VR2                               00000002
VR3                               00000003
VRCON                             00000097
VREN                              00000007
VROE                              00000006
VRR                               00000005
MPASM 5.77                    PROYECTO_3.ASM   11-23-2020  15:01:04         PAGE 18


SYMBOL TABLE
  LABEL                             VALUE 

VRSS                              00000004
W                                 00000000
WCOL                              00000007
WDTCON                            00000105
WDTPS0                            00000001
WDTPS1                            00000002
WDTPS2                            00000003
WDTPS3                            00000004
WPUB                              00000095
WPUB0                             00000000
WPUB1                             00000001
WPUB2                             00000002
WPUB3                             00000003
WPUB4                             00000004
WPUB5                             00000005
WPUB6                             00000006
WPUB7                             00000007
WR                                00000001
WREN                              00000002
WRERR                             00000003
WUE                               00000001
W_TEMP                            00000002
Z                                 00000002
_BOR21V                           00003EFF
_BOR40V                           00003FFF
_BOR4V_BOR21V                     00003EFF
_BOR4V_BOR40V                     00003FFF
_BOREN_NSLEEP                     00003EFF
_BOREN_OFF                        00003CFF
_BOREN_ON                         00003FFF
_BOREN_SBODEN                     00003DFF
_BOR_NSLEEP                       00003EFF
_BOR_OFF                          00003CFF
_BOR_ON                           00003FFF
_BOR_SBODEN                       00003DFF
_CONFIG1                          00002007
_CONFIG2                          00002008
_CPD_OFF                          00003FFF
_CPD_ON                           00003F7F
_CP_OFF                           00003FFF
_CP_ON                            00003FBF
_DEBUG_OFF                        00003FFF
_DEBUG_ON                         00001FFF
_DEVID1                           00002006
_EC_OSC                           00003FFB
_EXTRC                            00003FFF
_EXTRCIO                          00003FFE
_EXTRC_OSC_CLKOUT                 00003FFF
_EXTRC_OSC_NOCLKOUT               00003FFE
_FCMEN_OFF                        000037FF
_FCMEN_ON                         00003FFF
_FOSC_EC                          00003FFB
_FOSC_EXTRC_CLKOUT                00003FFF
MPASM 5.77                    PROYECTO_3.ASM   11-23-2020  15:01:04         PAGE 19


SYMBOL TABLE
  LABEL                             VALUE 

_FOSC_EXTRC_NOCLKOUT              00003FFE
_FOSC_HS                          00003FFA
_FOSC_INTRC_CLKOUT                00003FFD
_FOSC_INTRC_NOCLKOUT              00003FFC
_FOSC_LP                          00003FF8
_FOSC_XT                          00003FF9
_HS_OSC                           00003FFA
_IDLOC0                           00002000
_IDLOC1                           00002001
_IDLOC2                           00002002
_IDLOC3                           00002003
_IESO_OFF                         00003BFF
_IESO_ON                          00003FFF
_INTOSC                           00003FFD
_INTOSCIO                         00003FFC
_INTRC_OSC_CLKOUT                 00003FFD
_INTRC_OSC_NOCLKOUT               00003FFC
_LP_OSC                           00003FF8
_LVP_OFF                          00002FFF
_LVP_ON                           00003FFF
_MAIN_PROG_0047                   00000047
_MCLRE_OFF                        00003FDF
_MCLRE_ON                         00003FFF
_PWRTE_OFF                        00003FFF
_PWRTE_ON                         00003FEF
_WDTE_OFF                         00003FF7
_WDTE_ON                          00003FFF
_WDT_OFF                          00003FF7
_WDT_ON                           00003FFF
_WRT_1FOURTH                      00003BFF
_WRT_256                          00003DFF
_WRT_HALF                         000039FF
_WRT_OFF                          00003FFF
_XT_OSC                           00003FF9
__16F887                          00000001
__DEBUG                           
__MPLAB_DEBUGGER_SIMULATOR        1

Errors   :     0
Warnings :    15 reported,     0 suppressed
Messages :    31 reported,     0 suppressed

